[appchedrauigecko.gecko-solutions.com/index.html]
[backblue.gif]
[fade.gif]
[index.html]
[appchedrauigecko.gecko-solutions.com/styles.css]
[use.fontawesome.com/releases/v5.14.0/css/all.css]
[unpkg.com/focus-visible@5.0.2/dist/focus-visible.js]
[cdn.jsdelivr.net/npm/bootstrap@5.1.3/dist/css/bootstrap.min.css]
[appchedrauigecko.gecko-solutions.com/videos/videonav.mp4]
[appchedrauigecko.gecko-solutions.com/videos/video37.mp4]
[appchedrauigecko.gecko-solutions.com/imagenes/beef.png]
[appchedrauigecko.gecko-solutions.com/imagenes/donper.png]
[appchedrauigecko.gecko-solutions.com/imagenes/walker.png]
[appchedrauigecko.gecko-solutions.com/videos/video36.mp4]
[appchedrauigecko.gecko-solutions.com/transparent.c.delayed]
[unpkg.com/@lottiefiles/lottie-player@latest/dist/lottie-player.d.delayed]
[unpkg.com/@lottiefiles/lottie-player@1.5.1/dist/lottie-player.js]
[cdn.jsdelivr.net/npm/bootstrap@5.1.3/dist/js/bootstrap.bundle.min.js]
[appchedrauigecko.gecko-solutions.com/app.js]
[unpkg.com/@google/model-viewer/dist/model-viewer.min.11.delayed]
[unpkg.com/@google/model-viewer@1.9.2/dist/model-viewer.min.js]
[appchedrauigecko.gecko-solutions.com/index.html]
[appchedrauigecko.gecko-solutions.com/styles.css]
[use.fontawesome.com/releases/v5.14.0/css/all.css]
[cdn.jsdelivr.net/npm/bootstrap@5.1.3/dist/css/bootstrap.min.css]
[appchedrauigecko.gecko-solutions.com/object3d/laptop3.glb]
[appchedrauigecko.gecko-solutions.com/object3d/vino5.glb]
[appchedrauigecko.gecko-solutions.com/transparent.html]
[appchedrauigecko.gecko-solutions.com/app.js]
